This file contains any messages produced by compilers while
running configure, to aid debugging if configure makes a mistake.

It was created by FULL-PACKAGE-NAME configure VERSION, which was
generated by GNU Autoconf 2.53.  Invocation command line was

  $ ./configure --prefix=/home/haru/tmp/abs/cxfe/pkg/usr/local

## --------- ##
## Platform. ##
## --------- ##

hostname = arch
uname -m = i686
uname -r = 2.6.38-ARCH
uname -s = Linux
uname -v = #1 SMP PREEMPT Fri May 13 07:54:18 UTC 2011

/usr/bin/uname -p = unknown
/bin/uname -X     = unknown

/bin/arch              = i686
/usr/bin/arch -k       = unknown
/usr/convex/getsysinfo = unknown
hostinfo               = unknown
/bin/machine           = unknown
/usr/bin/oslevel       = unknown
/bin/universe          = unknown

PATH: /bin
PATH: /usr/bin
PATH: /sbin
PATH: /usr/sbin
PATH: /usr/local/bin
PATH: /home/haru/bin
PATH: /home/haru/peer/bin


## ----------- ##
## Core tests. ##
## ----------- ##

configure:1254: checking for gcc
configure:1270: found /usr/bin/gcc
configure:1280: result: gcc
configure:1524: checking for C compiler version
configure:1527: gcc --version </dev/null >&5
gcc (GCC) 4.6.0 20110513 (prerelease)
Copyright (C) 2011 Free Software Foundation, Inc.
This is free software; see the source for copying conditions.  There is NO
warranty; not even for MERCHANTABILITY or FITNESS FOR A PARTICULAR PURPOSE.

configure:1530: $? = 0
configure:1532: gcc -v </dev/null >&5
Using built-in specs.
COLLECT_GCC=gcc
COLLECT_LTO_WRAPPER=/usr/lib/gcc/i686-pc-linux-gnu/4.6.0/lto-wrapper
Target: i686-pc-linux-gnu
Configured with: /build/src/gcc-4.6-20110513/configure --prefix=/usr --libdir=/usr/lib --libexecdir=/usr/lib --mandir=/usr/share/man --infodir=/usr/share/info --with-bugurl=https://bugs.archlinux.org/ --enable-languages=c,c++,ada,fortran,go,lto,objc,obj-c++ --enable-shared --enable-threads=posix --with-system-zlib --enable-__cxa_atexit --disable-libunwind-exceptions --enable-clocale=gnu --enable-gnu-unique-object --enable-linker-build-id --with-ppl --enable-cloog-backend=isl --enable-lto --enable-gold --enable-ld=default --enable-plugin --with-plugin-ld=ld.gold --disable-multilib --disable-libstdcxx-pch --enable-checking=release
Thread model: posix
gcc version 4.6.0 20110513 (prerelease) (GCC) 
configure:1535: $? = 0
configure:1537: gcc -V </dev/null >&5
gcc: error: unrecognized option '-V'
gcc: fatal error: no input files
compilation terminated.
configure:1540: $? = 1
configure:1566: checking for C compiler default output
configure:1569: gcc -march=i686 -mtune=generic -O2 -pipe  -Wl,--hash-style=gnu -Wl,--as-needed conftest.c  >&5
configure:1572: $? = 0
configure:1605: result: a.out
configure:1610: checking whether the C compiler works
configure:1616: ./a.out
configure:1619: $? = 0
configure:1634: result: yes
configure:1641: checking whether we are cross compiling
configure:1643: result: no
configure:1646: checking for suffix of executables
configure:1648: gcc -o conftest -march=i686 -mtune=generic -O2 -pipe  -Wl,--hash-style=gnu -Wl,--as-needed conftest.c  >&5
configure:1651: $? = 0
configure:1673: result: 
configure:1679: checking for suffix of object files
configure:1703: gcc -c -march=i686 -mtune=generic -O2 -pipe  conftest.c >&5
configure:1706: $? = 0
configure:1725: result: o
configure:1729: checking whether we are using the GNU C compiler
configure:1756: gcc -c -march=i686 -mtune=generic -O2 -pipe  conftest.c >&5
configure:1759: $? = 0
configure:1762: test -s conftest.o
configure:1765: $? = 0
configure:1777: result: yes
configure:1783: checking whether gcc accepts -g
configure:1807: gcc -c -g  conftest.c >&5
configure:1810: $? = 0
configure:1813: test -s conftest.o
configure:1816: $? = 0
configure:1826: result: yes
configure:1853: gcc -c -march=i686 -mtune=generic -O2 -pipe  conftest.c >&5
conftest.c:2:3: error: unknown type name 'choke'
conftest.c:2:3: error: expected '=', ',', ';', 'asm' or '__attribute__' at end of input
configure:1856: $? = 1
configure: failed program was:
#ifndef __cplusplus
  choke me
#endif
configure:1971: checking for main in -lX11
configure:1998: gcc -o conftest -march=i686 -mtune=generic -O2 -pipe  -Wl,--hash-style=gnu -Wl,--as-needed conftest.c -lX11   >&5
configure:2001: $? = 0
configure:2004: test -s conftest
configure:2007: $? = 0
configure:2018: result: yes
configure:2031: checking for main in -lXext
configure:2058: gcc -o conftest -march=i686 -mtune=generic -O2 -pipe  -Wl,--hash-style=gnu -Wl,--as-needed conftest.c -lXext  -lX11  >&5
configure:2061: $? = 0
configure:2064: test -s conftest
configure:2067: $? = 0
configure:2078: result: yes
configure:2091: checking for main in -llirc_client
configure:2118: gcc -o conftest -march=i686 -mtune=generic -O2 -pipe  -Wl,--hash-style=gnu -Wl,--as-needed conftest.c -llirc_client  -lXext -lX11  >&5
/usr/bin/ld: cannot find -llirc_client
collect2: ld returned 1 exit status
configure:2121: $? = 1
configure: failed program was:
#line 2098 "configure"
#include "confdefs.h"


#ifdef F77_DUMMY_MAIN
#  ifdef __cplusplus
     extern "C"
#  endif
   int F77_DUMMY_MAIN() { return 1; }
#endif
int
main ()
{
main ();
  ;
  return 0;
}
configure:2138: result: no
configure:2151: checking for main in -lm
configure:2178: gcc -o conftest -march=i686 -mtune=generic -O2 -pipe  -Wl,--hash-style=gnu -Wl,--as-needed conftest.c -lm  -lXext -lX11  >&5
configure:2181: $? = 0
configure:2184: test -s conftest
configure:2187: $? = 0
configure:2198: result: yes
configure:2211: checking for main in -lncurses
configure:2238: gcc -o conftest -march=i686 -mtune=generic -O2 -pipe  -Wl,--hash-style=gnu -Wl,--as-needed conftest.c -lncurses  -lm -lXext -lX11  >&5
configure:2241: $? = 0
configure:2244: test -s conftest
configure:2247: $? = 0
configure:2258: result: yes
configure:2271: checking for main in -lxine
configure:2298: gcc -o conftest -march=i686 -mtune=generic -O2 -pipe  -Wl,--hash-style=gnu -Wl,--as-needed conftest.c -lxine  -lncurses -lm -lXext -lX11  >&5
configure:2301: $? = 0
configure:2304: test -s conftest
configure:2307: $? = 0
configure:2318: result: yes
configure:2336: checking how to run the C preprocessor
configure:2362: gcc -E  conftest.c
configure:2368: $? = 0
configure:2395: gcc -E  conftest.c
configure:2391:28: fatal error: ac_nonexistent.h: No such file or directory
compilation terminated.
configure:2401: $? = 1
configure: failed program was:
#line 2390 "configure"
#include "confdefs.h"
#include <ac_nonexistent.h>
configure:2438: result: gcc -E
configure:2453: gcc -E  conftest.c
configure:2459: $? = 0
configure:2486: gcc -E  conftest.c
configure:2482:28: fatal error: ac_nonexistent.h: No such file or directory
compilation terminated.
configure:2492: $? = 1
configure: failed program was:
#line 2481 "configure"
#include "confdefs.h"
#include <ac_nonexistent.h>
configure:2532: checking for X
configure:2634: gcc -E  conftest.c
configure:2640: $? = 0
configure:2691: gcc -o conftest -march=i686 -mtune=generic -O2 -pipe  -Wl,--hash-style=gnu -Wl,--as-needed conftest.c -lXt -lxine -lncurses -lm -lXext -lX11  >&5
configure:2694: $? = 0
configure:2697: test -s conftest
configure:2700: $? = 0
configure:2748: result: libraries , headers 
configure:2752: checking for ANSI C header files
configure:2766: gcc -E  conftest.c
configure:2772: $? = 0
configure:2859: gcc -o conftest -march=i686 -mtune=generic -O2 -pipe  -Wl,--hash-style=gnu -Wl,--as-needed conftest.c -lxine -lncurses -lm -lXext -lX11  >&5
configure: In function 'main':
configure:2850:7: warning: incompatible implicit declaration of built-in function 'exit' [enabled by default]
configure:2862: $? = 0
configure:2864: ./conftest
configure:2867: $? = 0
configure:2881: result: yes
configure:2905: checking for sys/types.h
configure:2918: gcc -c -march=i686 -mtune=generic -O2 -pipe  conftest.c >&5
configure:2921: $? = 0
configure:2924: test -s conftest.o
configure:2927: $? = 0
configure:2937: result: yes
configure:2905: checking for sys/stat.h
configure:2918: gcc -c -march=i686 -mtune=generic -O2 -pipe  conftest.c >&5
configure:2921: $? = 0
configure:2924: test -s conftest.o
configure:2927: $? = 0
configure:2937: result: yes
configure:2905: checking for stdlib.h
configure:2918: gcc -c -march=i686 -mtune=generic -O2 -pipe  conftest.c >&5
configure:2921: $? = 0
configure:2924: test -s conftest.o
configure:2927: $? = 0
configure:2937: result: yes
configure:2905: checking for string.h
configure:2918: gcc -c -march=i686 -mtune=generic -O2 -pipe  conftest.c >&5
configure:2921: $? = 0
configure:2924: test -s conftest.o
configure:2927: $? = 0
configure:2937: result: yes
configure:2905: checking for memory.h
configure:2918: gcc -c -march=i686 -mtune=generic -O2 -pipe  conftest.c >&5
configure:2921: $? = 0
configure:2924: test -s conftest.o
configure:2927: $? = 0
configure:2937: result: yes
configure:2905: checking for strings.h
configure:2918: gcc -c -march=i686 -mtune=generic -O2 -pipe  conftest.c >&5
configure:2921: $? = 0
configure:2924: test -s conftest.o
configure:2927: $? = 0
configure:2937: result: yes
configure:2905: checking for inttypes.h
configure:2918: gcc -c -march=i686 -mtune=generic -O2 -pipe  conftest.c >&5
configure:2921: $? = 0
configure:2924: test -s conftest.o
configure:2927: $? = 0
configure:2937: result: yes
configure:2905: checking for stdint.h
configure:2918: gcc -c -march=i686 -mtune=generic -O2 -pipe  conftest.c >&5
configure:2921: $? = 0
configure:2924: test -s conftest.o
configure:2927: $? = 0
configure:2937: result: yes
configure:2905: checking for unistd.h
configure:2918: gcc -c -march=i686 -mtune=generic -O2 -pipe  conftest.c >&5
configure:2921: $? = 0
configure:2924: test -s conftest.o
configure:2927: $? = 0
configure:2937: result: yes
configure:2968: checking fcntl.h usability
configure:2977: gcc -c -march=i686 -mtune=generic -O2 -pipe  conftest.c >&5
configure:2980: $? = 0
configure:2983: test -s conftest.o
configure:2986: $? = 0
configure:2995: result: yes
configure:2999: checking fcntl.h presence
configure:3006: gcc -E  conftest.c
configure:3012: $? = 0
configure:3030: result: yes
configure:3048: checking for fcntl.h
configure:3055: result: yes
configure:2959: checking for stdlib.h
configure:2964: result: yes
configure:2959: checking for string.h
configure:2964: result: yes
configure:2968: checking sys/ioctl.h usability
configure:2977: gcc -c -march=i686 -mtune=generic -O2 -pipe  conftest.c >&5
configure:2980: $? = 0
configure:2983: test -s conftest.o
configure:2986: $? = 0
configure:2995: result: yes
configure:2999: checking sys/ioctl.h presence
configure:3006: gcc -E  conftest.c
configure:3012: $? = 0
configure:3030: result: yes
configure:3048: checking for sys/ioctl.h
configure:3055: result: yes
configure:2968: checking sys/time.h usability
configure:2977: gcc -c -march=i686 -mtune=generic -O2 -pipe  conftest.c >&5
configure:2980: $? = 0
configure:2983: test -s conftest.o
configure:2986: $? = 0
configure:2995: result: yes
configure:2999: checking sys/time.h presence
configure:3006: gcc -E  conftest.c
configure:3012: $? = 0
configure:3030: result: yes
configure:3048: checking for sys/time.h
configure:3055: result: yes
configure:2959: checking for unistd.h
configure:2964: result: yes
configure:3070: checking for gcc option to accept ANSI C
configure:3133: gcc  -c -march=i686 -mtune=generic -O2 -pipe  conftest.c >&5
configure:3136: $? = 0
configure:3139: test -s conftest.o
configure:3142: $? = 0
configure:3159: result: none needed
configure:3167: checking for an ANSI C-conforming const
configure:3237: gcc -c -march=i686 -mtune=generic -O2 -pipe  conftest.c >&5
configure:3240: $? = 0
configure:3243: test -s conftest.o
configure:3246: $? = 0
configure:3256: result: yes
configure:3266: checking whether time.h and sys/time.h may both be included
configure:3294: gcc -c -march=i686 -mtune=generic -O2 -pipe  conftest.c >&5
configure:3297: $? = 0
configure:3300: test -s conftest.o
configure:3303: $? = 0
configure:3313: result: yes
configure:3326: checking whether gcc needs -traditional
configure:3362: result: no
configure:3369: checking for working memcmp
configure:3420: gcc -o conftest -march=i686 -mtune=generic -O2 -pipe  -Wl,--hash-style=gnu -Wl,--as-needed conftest.c -lxine -lncurses -lm -lXext -lX11  >&5
configure: In function 'main':
configure:3392:5: warning: incompatible implicit declaration of built-in function 'exit' [enabled by default]
configure:3405:9: warning: incompatible implicit declaration of built-in function 'strcpy' [enabled by default]
configure:3423: $? = 0
configure:3425: ./conftest
configure:3428: $? = 0
configure:3441: result: yes
configure:3451: checking for gettimeofday
configure:3494: gcc -o conftest -march=i686 -mtune=generic -O2 -pipe  -Wl,--hash-style=gnu -Wl,--as-needed conftest.c -lxine -lncurses -lm -lXext -lX11  >&5
configure:3497: $? = 0
configure:3500: test -s conftest
configure:3503: $? = 0
configure:3513: result: yes
configure:3451: checking for select
configure:3494: gcc -o conftest -march=i686 -mtune=generic -O2 -pipe  -Wl,--hash-style=gnu -Wl,--as-needed conftest.c -lxine -lncurses -lm -lXext -lX11  >&5
configure:3497: $? = 0
configure:3500: test -s conftest
configure:3503: $? = 0
configure:3513: result: yes
configure:3451: checking for strstr
configure:3494: gcc -o conftest -march=i686 -mtune=generic -O2 -pipe  -Wl,--hash-style=gnu -Wl,--as-needed conftest.c -lxine -lncurses -lm -lXext -lX11  >&5
configure:3466:6: warning: conflicting types for built-in function 'strstr' [enabled by default]
configure:3497: $? = 0
configure:3500: test -s conftest
configure:3503: $? = 0
configure:3513: result: yes
configure:3606: creating ./config.status

## ---------------------- ##
## Running config.status. ##
## ---------------------- ##

This file was extended by FULL-PACKAGE-NAME config.status VERSION, which was
generated by GNU Autoconf 2.53.  Invocation command line was

  CONFIG_FILES    = 
  CONFIG_HEADERS  = 
  CONFIG_LINKS    = 
  CONFIG_COMMANDS = 
  $ ./config.status 

on arch

config.status:560: creating Makefile
config.status:560: creating termio/Makefile
config.status:663: creating config.h

## ---------------- ##
## Cache variables. ##
## ---------------- ##

ac_cv_c_compiler_gnu=yes
ac_cv_c_const=yes
ac_cv_env_CC_set=
ac_cv_env_CC_value=
ac_cv_env_CFLAGS_set=set
ac_cv_env_CFLAGS_value='-march=i686 -mtune=generic -O2 -pipe'
ac_cv_env_CPPFLAGS_set=
ac_cv_env_CPPFLAGS_value=
ac_cv_env_CPP_set=
ac_cv_env_CPP_value=
ac_cv_env_LDFLAGS_set=set
ac_cv_env_LDFLAGS_value='-Wl,--hash-style=gnu -Wl,--as-needed'
ac_cv_env_build_alias_set=
ac_cv_env_build_alias_value=
ac_cv_env_host_alias_set=
ac_cv_env_host_alias_value=
ac_cv_env_target_alias_set=
ac_cv_env_target_alias_value=
ac_cv_exeext=
ac_cv_func_gettimeofday=yes
ac_cv_func_memcmp_working=yes
ac_cv_func_select=yes
ac_cv_func_strstr=yes
ac_cv_have_x='have_x=yes 		ac_x_includes= ac_x_libraries='
ac_cv_header_fcntl_h=yes
ac_cv_header_inttypes_h=yes
ac_cv_header_memory_h=yes
ac_cv_header_stdc=yes
ac_cv_header_stdint_h=yes
ac_cv_header_stdlib_h=yes
ac_cv_header_string_h=yes
ac_cv_header_strings_h=yes
ac_cv_header_sys_ioctl_h=yes
ac_cv_header_sys_stat_h=yes
ac_cv_header_sys_time_h=yes
ac_cv_header_sys_types_h=yes
ac_cv_header_time=yes
ac_cv_header_unistd_h=yes
ac_cv_lib_X11_main=yes
ac_cv_lib_Xext_main=yes
ac_cv_lib_lirc_client_main=no
ac_cv_lib_m_main=yes
ac_cv_lib_ncurses_main=yes
ac_cv_lib_xine_main=yes
ac_cv_objext=o
ac_cv_prog_CPP='gcc -E'
ac_cv_prog_ac_ct_CC=gcc
ac_cv_prog_cc_g=yes
ac_cv_prog_cc_stdc=
ac_cv_prog_gcc_traditional=no

## ----------- ##
## confdefs.h. ##
## ----------- ##

#define PACKAGE_NAME "FULL-PACKAGE-NAME"
#define PACKAGE_TARNAME "full-package-name"
#define PACKAGE_VERSION "VERSION"
#define PACKAGE_STRING "FULL-PACKAGE-NAME VERSION"
#define PACKAGE_BUGREPORT "BUG-REPORT-ADDRESS"
#define HAVE_LIBX11 1
#define HAVE_LIBXEXT 1
#define HAVE_LIBM 1
#define HAVE_LIBNCURSES 1
#define HAVE_LIBXINE 1
#define STDC_HEADERS 1
#define HAVE_SYS_TYPES_H 1
#define HAVE_SYS_STAT_H 1
#define HAVE_STDLIB_H 1
#define HAVE_STRING_H 1
#define HAVE_MEMORY_H 1
#define HAVE_STRINGS_H 1
#define HAVE_INTTYPES_H 1
#define HAVE_STDINT_H 1
#define HAVE_UNISTD_H 1
#define HAVE_FCNTL_H 1
#define HAVE_STDLIB_H 1
#define HAVE_STRING_H 1
#define HAVE_SYS_IOCTL_H 1
#define HAVE_SYS_TIME_H 1
#define HAVE_UNISTD_H 1
#define TIME_WITH_SYS_TIME 1
#define HAVE_GETTIMEOFDAY 1
#define HAVE_SELECT 1
#define HAVE_STRSTR 1

configure: exit 0
